2026-03-03 15:28:16 - Refactored data loading for memory efficiency (Sprint Pulse #1) [2026-03-03 15:28:16]
2026-03-03 15:28:36 - Updated submission script for test set predictions (Sprint Pulse #2) [2026-03-03 15:28:36]
2026-03-03 15:29:01 - Fixed minor bug in custom loss function (Sprint Pulse #3) [2026-03-03 15:29:01]
2026-03-03 15:29:27 - Implemented early stopping for neural network baseline (Sprint Pulse #4) [2026-03-03 15:29:27]
2026-03-03 15:29:50 - Updated submission script for test set predictions (Sprint Pulse #5) [2026-03-03 15:29:50]
2026-03-03 15:30:10 - Refined hyperparameter grid for XGBoost (Sprint Pulse #6) [2026-03-03 15:30:10]
2026-03-03 15:30:41 - Cleaned up outliers in training set (Sprint Pulse #7) [2026-03-03 15:30:41]
2026-03-03 15:30:58 - Refined hyperparameter grid for XGBoost (Sprint Pulse #8) [2026-03-03 15:30:58]
2026-03-03 15:31:25 - Added logging for validation metrics (Sprint Pulse #9) [2026-03-03 15:31:25]
2026-03-03 15:31:59 - Updated LightGBM parameters for better convergence (Sprint Pulse #10) [2026-03-03 15:31:59]
2026-03-03 15:32:30 - Added logging for validation metrics (Sprint Pulse #11) [2026-03-03 15:32:30]
2026-03-03 15:33:00 - Refactored data loading for memory efficiency (Sprint Pulse #12) [2026-03-03 15:33:00]
2026-03-03 15:33:20 - Implemented stratified k-fold cross-validation (Sprint Pulse #13) [2026-03-03 15:33:20]
2026-03-03 15:33:30 - Refactored data loading for memory efficiency (Sprint Pulse #14) [2026-03-03 15:33:30]
2026-03-03 15:33:55 - Feature selection: Removed low-variance columns (Sprint Pulse #15) [2026-03-03 15:33:55]
2026-03-03 15:34:17 - Refined hyperparameter grid for XGBoost (Sprint Pulse #16) [2026-03-03 15:34:17]
2026-03-03 15:34:38 - Optimized feature engineering logic for time-series (Sprint Pulse #17) [2026-03-03 15:34:38]
2026-03-03 15:34:53 - Optimized feature engineering logic for time-series (Sprint Pulse #18) [2026-03-03 15:34:53]
2026-03-03 15:39:04 - Integrated Optuna for hyperparameter optimization (Pulse #6) [2026-03-03 15:39:04]
2026-03-03 15:40:16 - Added data normalization to preprocessing pipeline (Pulse #12) [2026-03-03 15:40:16]
2026-03-03 15:40:54 - Implemented stratified k-fold cross-validation (Pulse #15) [2026-03-03 15:40:54]
2026-03-03 15:44:07 - Optimized feature engineering logic for time-series (Pulse #31) [2026-03-03 15:44:07]
2026-03-03 15:46:26 - Added data normalization to preprocessing pipeline (Pulse #42) [2026-03-03 15:46:26]
2026-03-03 15:47:02 - Optimized feature engineering logic for time-series (Pulse #45) [2026-03-03 15:47:02]
2026-03-03 15:47:40 - Feature selection: Removed low-variance columns (Pulse #48) [2026-03-03 15:47:40]
2026-03-03 15:48:30 - Integrated Optuna for hyperparameter optimization (Pulse #51) [2026-03-03 15:48:30]
